{
  "stats": {
    "suites": 4,
    "tests": 2,
    "passes": 1,
    "pending": 0,
    "failures": 1,
    "start": "2017-05-23T17:49:53.405Z",
    "end": "2017-05-23T17:49:53.436Z",
    "duration": 31,
    "testsRegistered": 2,
    "passPercent": 50,
    "pendingPercent": 0,
    "other": 0,
    "hasOther": false,
    "skipped": 0,
    "hasSkipped": false,
    "passPercentClass": "danger",
    "pendingPercentClass": "danger"
  },
  "suites": {
    "title": "",
    "suites": [
      {
        "title": "demo test",
        "suites": [
          {
            "title": "eins",
            "suites": [],
            "tests": [
              {
                "title": "should give 1",
                "fullTitle": "demo test eins should give 1",
                "timedOut": false,
                "duration": 0,
                "state": "failed",
                "pass": false,
                "fail": true,
                "pending": false,
                "code": "_assert2.default.equal(1, -1);",
                "err": {
                  "name": "AssertionError",
                  "actual": "1",
                  "expected": "-1",
                  "operator": "==",
                  "message": "1 == -1",
                  "generatedMessage": true,
                  "estack": "AssertionError: 1 == -1\n    at Context.<anonymous> (D:/workspace/_javascript/ibW_workspace/IntelliJ/git/todomvc-es6-custom/self/test/testit.js:8:20)",
                  "diff": "- 1\n+ -1\n"
                },
                "isRoot": false,
                "uuid": "c1e4bb02-b08f-475d-88bf-7359b0541da2",
                "parentUUID": "2a9f7743-033c-4043-8178-26a3743a9f9f",
                "isHook": false,
                "skipped": false
              }
            ],
            "pending": [],
            "root": false,
            "_timeout": 2000,
            "file": "\\self\\test\\testit.js",
            "uuid": "2a9f7743-033c-4043-8178-26a3743a9f9f",
            "failedHooks": [],
            "fullFile": "D:\\workspace\\_javascript\\ibW_workspace\\IntelliJ\\git\\todomvc-es6-custom\\self\\test\\testit.js",
            "passes": [],
            "failures": [
              {
                "title": "should give 1",
                "fullTitle": "demo test eins should give 1",
                "timedOut": false,
                "duration": 0,
                "state": "failed",
                "pass": false,
                "fail": true,
                "pending": false,
                "code": "_assert2.default.equal(1, -1);",
                "err": {
                  "name": "AssertionError",
                  "actual": "1",
                  "expected": "-1",
                  "operator": "==",
                  "message": "1 == -1",
                  "generatedMessage": true,
                  "estack": "AssertionError: 1 == -1\n    at Context.<anonymous> (D:/workspace/_javascript/ibW_workspace/IntelliJ/git/todomvc-es6-custom/self/test/testit.js:8:20)",
                  "diff": "- 1\n+ -1\n"
                },
                "isRoot": false,
                "uuid": "c1e4bb02-b08f-475d-88bf-7359b0541da2",
                "parentUUID": "2a9f7743-033c-4043-8178-26a3743a9f9f",
                "isHook": false,
                "skipped": false
              }
            ],
            "skipped": [],
            "hasTests": true,
            "hasFailedHooks": false,
            "hasSuites": false,
            "totalTests": 1,
            "totalPasses": 0,
            "totalFailures": 1,
            "totalPending": 0,
            "totalSkipped": 0,
            "hasPasses": false,
            "hasFailures": true,
            "hasPending": false,
            "hasSkipped": false,
            "duration": 0,
            "rootEmpty": false
          }
        ],
        "tests": [],
        "pending": [],
        "root": false,
        "_timeout": 2000,
        "file": "\\self\\test\\testit.js",
        "uuid": "19a9de13-91fb-4ff4-879c-ebc847e94b68",
        "failedHooks": [],
        "fullFile": "D:\\workspace\\_javascript\\ibW_workspace\\IntelliJ\\git\\todomvc-es6-custom\\self\\test\\testit.js",
        "passes": [],
        "failures": [],
        "skipped": [],
        "hasTests": false,
        "hasFailedHooks": false,
        "hasSuites": true,
        "totalTests": 0,
        "totalPasses": 0,
        "totalFailures": 0,
        "totalPending": 0,
        "totalSkipped": 0,
        "hasPasses": false,
        "hasFailures": false,
        "hasPending": false,
        "hasSkipped": false,
        "duration": 0,
        "rootEmpty": false
      },
      {
        "title": "demo test nr2",
        "suites": [
          {
            "title": "zwei",
            "suites": [],
            "tests": [
              {
                "title": "should give 1",
                "fullTitle": "demo test nr2 zwei should give 1",
                "timedOut": false,
                "duration": 0,
                "state": "passed",
                "speed": "fast",
                "pass": true,
                "fail": false,
                "pending": false,
                "code": "_assert2.default.equal(1, 1);",
                "err": {},
                "isRoot": false,
                "uuid": "c4b03ad6-f1f3-4c3c-a2e2-fa2ff4350e6b",
                "parentUUID": "079ead17-1f11-4987-9eb4-2f1c6554336d",
                "isHook": false,
                "skipped": false
              }
            ],
            "pending": [],
            "root": false,
            "_timeout": 2000,
            "file": "\\self\\test\\testit2.js",
            "uuid": "079ead17-1f11-4987-9eb4-2f1c6554336d",
            "failedHooks": [],
            "fullFile": "D:\\workspace\\_javascript\\ibW_workspace\\IntelliJ\\git\\todomvc-es6-custom\\self\\test\\testit2.js",
            "passes": [
              {
                "title": "should give 1",
                "fullTitle": "demo test nr2 zwei should give 1",
                "timedOut": false,
                "duration": 0,
                "state": "passed",
                "speed": "fast",
                "pass": true,
                "fail": false,
                "pending": false,
                "code": "_assert2.default.equal(1, 1);",
                "err": {},
                "isRoot": false,
                "uuid": "c4b03ad6-f1f3-4c3c-a2e2-fa2ff4350e6b",
                "parentUUID": "079ead17-1f11-4987-9eb4-2f1c6554336d",
                "isHook": false,
                "skipped": false
              }
            ],
            "failures": [],
            "skipped": [],
            "hasTests": true,
            "hasFailedHooks": false,
            "hasSuites": false,
            "totalTests": 1,
            "totalPasses": 1,
            "totalFailures": 0,
            "totalPending": 0,
            "totalSkipped": 0,
            "hasPasses": true,
            "hasFailures": false,
            "hasPending": false,
            "hasSkipped": false,
            "duration": 0,
            "rootEmpty": false
          }
        ],
        "tests": [],
        "pending": [],
        "root": false,
        "_timeout": 2000,
        "file": "\\self\\test\\testit2.js",
        "uuid": "d2408182-fde1-4d4a-994b-cb74241386e7",
        "failedHooks": [],
        "fullFile": "D:\\workspace\\_javascript\\ibW_workspace\\IntelliJ\\git\\todomvc-es6-custom\\self\\test\\testit2.js",
        "passes": [],
        "failures": [],
        "skipped": [],
        "hasTests": false,
        "hasFailedHooks": false,
        "hasSuites": true,
        "totalTests": 0,
        "totalPasses": 0,
        "totalFailures": 0,
        "totalPending": 0,
        "totalSkipped": 0,
        "hasPasses": false,
        "hasFailures": false,
        "hasPending": false,
        "hasSkipped": false,
        "duration": 0,
        "rootEmpty": false
      }
    ],
    "tests": [],
    "pending": [],
    "root": true,
    "_timeout": 2000,
    "uuid": "96994691-6673-4143-9e92-dbeaff05b335",
    "failedHooks": [],
    "fullFile": "",
    "file": "",
    "passes": [],
    "failures": [],
    "skipped": [],
    "hasTests": false,
    "hasFailedHooks": false,
    "hasSuites": true,
    "totalTests": 0,
    "totalPasses": 0,
    "totalFailures": 0,
    "totalPending": 0,
    "totalSkipped": 0,
    "hasPasses": false,
    "hasFailures": false,
    "hasPending": false,
    "hasSkipped": false,
    "duration": 0,
    "rootEmpty": true
  },
  "allTests": [
    {
      "title": "should give 1",
      "fullTitle": "eins should give 1",
      "timedOut": false,
      "duration": 0,
      "state": "failed",
      "pass": false,
      "fail": true,
      "pending": false,
      "code": "_assert2.default.equal(1, -1);",
      "err": {
        "name": "AssertionError",
        "actual": "1",
        "expected": "-1",
        "operator": "==",
        "message": "1 == -1",
        "generatedMessage": true,
        "estack": "AssertionError: 1 == -1\n    at Context.<anonymous> (D:/workspace/_javascript/ibW_workspace/IntelliJ/git/todomvc-es6-custom/self/test/testit.js:8:20)",
        "diff": "- 1\n+ -1\n"
      },
      "isRoot": false,
      "uuid": "c1e4bb02-b08f-475d-88bf-7359b0541da2",
      "parentUUID": "2a9f7743-033c-4043-8178-26a3743a9f9f",
      "isHook": false,
      "skipped": false
    },
    {
      "title": "should give 1",
      "fullTitle": "zwei should give 1",
      "timedOut": false,
      "duration": 0,
      "state": "passed",
      "speed": "fast",
      "pass": true,
      "fail": false,
      "pending": false,
      "code": "_assert2.default.equal(1, 1);",
      "err": {},
      "isRoot": false,
      "uuid": "c4b03ad6-f1f3-4c3c-a2e2-fa2ff4350e6b",
      "parentUUID": "079ead17-1f11-4987-9eb4-2f1c6554336d",
      "isHook": false,
      "skipped": false
    }
  ],
  "allPending": [],
  "allPasses": [
    {
      "title": "should give 1",
      "fullTitle": "zwei should give 1",
      "timedOut": false,
      "duration": 0,
      "state": "passed",
      "speed": "fast",
      "pass": true,
      "fail": false,
      "pending": false,
      "code": "_assert2.default.equal(1, 1);",
      "err": {},
      "isRoot": false,
      "uuid": "c4b03ad6-f1f3-4c3c-a2e2-fa2ff4350e6b",
      "parentUUID": "079ead17-1f11-4987-9eb4-2f1c6554336d",
      "isHook": false,
      "skipped": false
    }
  ],
  "allFailures": [
    {
      "title": "should give 1",
      "fullTitle": "eins should give 1",
      "timedOut": false,
      "duration": 0,
      "state": "failed",
      "pass": false,
      "fail": true,
      "pending": false,
      "code": "_assert2.default.equal(1, -1);",
      "err": {
        "name": "AssertionError",
        "actual": "1",
        "expected": "-1",
        "operator": "==",
        "message": "1 == -1",
        "generatedMessage": true,
        "estack": "AssertionError: 1 == -1\n    at Context.<anonymous> (D:/workspace/_javascript/ibW_workspace/IntelliJ/git/todomvc-es6-custom/self/test/testit.js:8:20)",
        "diff": "- 1\n+ -1\n"
      },
      "isRoot": false,
      "uuid": "c1e4bb02-b08f-475d-88bf-7359b0541da2",
      "parentUUID": "2a9f7743-033c-4043-8178-26a3743a9f9f",
      "isHook": false,
      "skipped": false
    }
  ],
  "copyrightYear": 2017
}